e:\ікні\3 курс\2 семестр\програмування мультимедійних систем\лабораторні\mmsp_lab1\mmsp_lab1\debug\mmsp_lab1.pch
e:\ікні\3 курс\2 семестр\програмування мультимедійних систем\лабораторні\mmsp_lab1\mmsp_lab1\debug\vc140.pdb
e:\ікні\3 курс\2 семестр\програмування мультимедійних систем\лабораторні\mmsp_lab1\mmsp_lab1\debug\vc140.idb
e:\ікні\3 курс\2 семестр\програмування мультимедійних систем\лабораторні\mmsp_lab1\mmsp_lab1\debug\stdafx.obj
e:\ікні\3 курс\2 семестр\програмування мультимедійних систем\лабораторні\mmsp_lab1\mmsp_lab1\debug\mmsp_lab1.obj
e:\ікні\3 курс\2 семестр\програмування мультимедійних систем\лабораторні\mmsp_lab5_try\mmsp_lab1\debug\mmsp_lab1.pch
e:\ікні\3 курс\2 семестр\програмування мультимедійних систем\лабораторні\mmsp_lab5_try\mmsp_lab1\debug\vc140.pdb
e:\ікні\3 курс\2 семестр\програмування мультимедійних систем\лабораторні\mmsp_lab5_try\mmsp_lab1\debug\vc140.idb
e:\ікні\3 курс\2 семестр\програмування мультимедійних систем\лабораторні\mmsp_lab5_try\mmsp_lab1\debug\stdafx.obj
e:\ікні\3 курс\2 семестр\програмування мультимедійних систем\лабораторні\mmsp_lab5_try\mmsp_lab1\debug\mmsp_lab1.obj
e:\ікні\3 курс\2 семестр\програмування мультимедійних систем\лабораторні\mmsp_lab1\debug\mmsp_lab1.ilk
e:\ікні\3 курс\2 семестр\програмування мультимедійних систем\лабораторні\mmsp_lab1\debug\mmsp_lab1.exe
e:\ікні\3 курс\2 семестр\програмування мультимедійних систем\лабораторні\mmsp_lab1\debug\mmsp_lab1.pdb
e:\ікні\3 курс\2 семестр\програмування мультимедійних систем\лабораторні\mmsp_lab5_try\debug\mmsp_lab1.pdb
e:\ікні\3 курс\2 семестр\програмування мультимедійних систем\лабораторні\mmsp_lab5_try\mmsp_lab1\debug\mmsp_lab1.tlog\cl.command.1.tlog
e:\ікні\3 курс\2 семестр\програмування мультимедійних систем\лабораторні\mmsp_lab5_try\mmsp_lab1\debug\mmsp_lab1.tlog\cl.read.1.tlog
e:\ікні\3 курс\2 семестр\програмування мультимедійних систем\лабораторні\mmsp_lab5_try\mmsp_lab1\debug\mmsp_lab1.tlog\cl.write.1.tlog
e:\ікні\3 курс\2 семестр\програмування мультимедійних систем\лабораторні\mmsp_lab5_try\mmsp_lab1\debug\mmsp_lab1.tlog\link-cvtres.read.1.tlog
e:\ікні\3 курс\2 семестр\програмування мультимедійних систем\лабораторні\mmsp_lab5_try\mmsp_lab1\debug\mmsp_lab1.tlog\link-cvtres.write.1.tlog
e:\ікні\3 курс\2 семестр\програмування мультимедійних систем\лабораторні\mmsp_lab5_try\mmsp_lab1\debug\mmsp_lab1.tlog\link-rc.read.1.tlog
e:\ікні\3 курс\2 семестр\програмування мультимедійних систем\лабораторні\mmsp_lab5_try\mmsp_lab1\debug\mmsp_lab1.tlog\link-rc.write.1.tlog
e:\ікні\3 курс\2 семестр\програмування мультимедійних систем\лабораторні\mmsp_lab5_try\mmsp_lab1\debug\mmsp_lab1.tlog\link.8132-cvtres.read.1.tlog
e:\ікні\3 курс\2 семестр\програмування мультимедійних систем\лабораторні\mmsp_lab5_try\mmsp_lab1\debug\mmsp_lab1.tlog\link.8132-cvtres.write.1.tlog
e:\ікні\3 курс\2 семестр\програмування мультимедійних систем\лабораторні\mmsp_lab5_try\mmsp_lab1\debug\mmsp_lab1.tlog\link.8132-rc.read.1.tlog
e:\ікні\3 курс\2 семестр\програмування мультимедійних систем\лабораторні\mmsp_lab5_try\mmsp_lab1\debug\mmsp_lab1.tlog\link.8132-rc.write.1.tlog
e:\ікні\3 курс\2 семестр\програмування мультимедійних систем\лабораторні\mmsp_lab5_try\mmsp_lab1\debug\mmsp_lab1.tlog\link.8132.read.1.tlog
e:\ікні\3 курс\2 семестр\програмування мультимедійних систем\лабораторні\mmsp_lab5_try\mmsp_lab1\debug\mmsp_lab1.tlog\link.8132.write.1.tlog
e:\ікні\3 курс\2 семестр\програмування мультимедійних систем\лабораторні\mmsp_lab5_try\mmsp_lab1\debug\mmsp_lab1.tlog\link.command.1.tlog
e:\ікні\3 курс\2 семестр\програмування мультимедійних систем\лабораторні\mmsp_lab5_try\mmsp_lab1\debug\mmsp_lab1.tlog\link.read.1.tlog
e:\ікні\3 курс\2 семестр\програмування мультимедійних систем\лабораторні\mmsp_lab5_try\mmsp_lab1\debug\mmsp_lab1.tlog\link.write.1.tlog
